<?xml version="1.0" encoding="UTF-8"?>
<testng-results ignored="0" total="4" passed="4" failed="0" skipped="0">
  <reporter-output>
  </reporter-output>
  <suite started-at="2021-01-07T20:11:29 IST" name="Default suite" finished-at="2021-01-07T20:11:29 IST" duration-ms="250">
    <groups>
    </groups>
    <test started-at="2021-01-07T20:11:29 IST" name="Default test" finished-at="2021-01-07T20:11:29 IST" duration-ms="250">
      <class name="com.qa.test.CalculateTest3">
        <test-method signature="div()[pri:0, instance:com.qa.test.CalculateTest3@3a079870]" started-at="2021-01-07T20:11:29 IST" name="div" finished-at="2021-01-07T20:11:29 IST" duration-ms="23" status="PASS">
          <reporter-output>
          </reporter-output>
        </test-method> <!-- div -->
        <test-method signature="mul()[pri:0, instance:com.qa.test.CalculateTest3@3a079870]" started-at="2021-01-07T20:11:29 IST" name="mul" finished-at="2021-01-07T20:11:29 IST" duration-ms="1" status="PASS">
          <reporter-output>
          </reporter-output>
        </test-method> <!-- mul -->
        <test-method signature="sub()[pri:0, instance:com.qa.test.CalculateTest3@3a079870]" started-at="2021-01-07T20:11:29 IST" name="sub" finished-at="2021-01-07T20:11:29 IST" duration-ms="2" status="PASS">
          <reporter-output>
          </reporter-output>
        </test-method> <!-- sub -->
        <test-method signature="sum()[pri:0, instance:com.qa.test.CalculateTest3@3a079870]" started-at="2021-01-07T20:11:29 IST" name="sum" finished-at="2021-01-07T20:11:29 IST" duration-ms="4" status="PASS">
          <reporter-output>
          </reporter-output>
        </test-method> <!-- sum -->
      </class> <!-- com.qa.test.CalculateTest3 -->
    </test> <!-- Default test -->
  </suite> <!-- Default suite -->
</testng-results>
