<?xml version="1.0" encoding="UTF-8"?>
<!-- Generated by org.testng.reporters.JUnitXMLReporter -->
<testsuite ignored="0" hostname="INDRAJITs-MacBook-Air.local" failures="0" tests="4" name="Default test" time="0.25" errors="0" timestamp="2021-01-07T20:11:34 IST">
  <testcase classname="com.qa.test.CalculateTest3" name="div" time="0.023"/>
  <testcase classname="com.qa.test.CalculateTest3" name="mul" time="0.001"/>
  <testcase classname="com.qa.test.CalculateTest3" name="sub" time="0.002"/>
  <testcase classname="com.qa.test.CalculateTest3" name="sum" time="0.004"/>
</testsuite> <!-- Default test -->
